21-10-30 23:41:01.9593610 pid:2456 tid:1 sqltools Critical: 0 : An unhandled exception occurred: System.TypeInitializationException: The type initializer for 'System.Marvin' threw an exception.
 ---> System.DllNotFoundException: Unable to load shared library 'libSystem.Security.Cryptography.Native.Apple.dylib' or one of its dependencies. In order to help diagnose loading problems, consider setting the DYLD_PRINT_LIBRARIES environment variable: dlopen(liblibSystem.Security.Cryptography.Native.Apple.dylib, 1): image not found
   at Interop.AppleCrypto.AppleCryptoNative_GetRandomBytes(Byte* buf, Int32 num, Int32& errorCode)
   at Interop.AppleCrypto.GetRandomBytes(Byte* pbBuffer, Int32 count)
   at System.Security.Cryptography.RandomNumberGeneratorImplementation.GetBytes(Byte* pbBuffer, Int32 count)
   at System.Security.Cryptography.RandomNumberGeneratorImplementation.GetBytes(Span`1 data)
   at System.Security.Cryptography.RandomNumberGeneratorImplementation.GetBytes(Byte[] data)
   at System.Marvin.GenerateSeed()
   at System.Marvin..cctor()
   --- End of inner exception stack trace ---
   at System.Xml.NameTable.ComputeHash32(String key)
   at System.Xml.NameTable.Add(String key)
   at System.Xml.XmlTextReaderImpl..ctor(XmlNameTable nt)
   at System.Xml.XmlTextReaderImpl..ctor(String url, TextReader input, XmlNameTable nt)
   at System.Xml.XmlTextReader..ctor(TextReader input)
   at System.Xml.Serialization.XmlSerializer.Deserialize(TextReader textReader)
   at Microsoft.SqlTools.ServiceLayer.ObjectExplorer.SmoModel.NodePathGenerator.Initialize() in D:\a\1\s\src\Microsoft.SqlTools.ServiceLayer\ObjectExplorer\SmoModel\NodePathGenerator.cs:line 30
   at Microsoft.SqlTools.ServiceLayer.ObjectExplorer.ObjectExplorerService..ctor() in D:\a\1\s\src\Microsoft.SqlTools.ServiceLayer\ObjectExplorer\ObjectExplorerService.cs:line 63
   at lambda_method110(Closure , LifetimeContext , CompositionOperation )
   at System.Composition.TypedParts.ActivationFeatures.DisposalFeature.<>c__DisplayClass0_0.<RewriteActivator>b__0(LifetimeContext c, CompositionOperation o)
   at System.Composition.Hosting.Providers.ImportMany.ImportManyExportDescriptorProvider.<>c__DisplayClass3_2`1.<GetImportManyDescriptor>b__4(ExportDescriptor e)
   at System.Linq.Enumerable.SelectArrayIterator`2.ToArray()
   at System.Linq.Enumerable.ToArray[TSource](IEnumerable`1 source)
   at System.Composition.Hosting.Providers.ImportMany.ImportManyExportDescriptorProvider.<>c__DisplayClass3_1`1.<GetImportManyDescriptor>b__3(LifetimeContext c, CompositionOperation o)
   at System.Composition.Hosting.Core.CompositionOperation.Run(LifetimeContext outermostLifetimeContext, CompositeActivator compositionRootActivator)
   at System.Composition.Hosting.Core.LifetimeContext.TryGetExport(CompositionContract contract, Object& export)
   at System.Composition.Hosting.CompositionHost.TryGetExport(CompositionContract contract, Object& export)
   at System.Composition.CompositionContext.GetExport(CompositionContract contract)
   at System.Composition.CompositionContext.GetExports(Type exportType, String contractName)
   at System.Composition.CompositionContext.GetExports(Type exportType)
   at Microsoft.SqlTools.Extensibility.ExtensionStore.GetExports[T]() in D:\a\1\s\src\Microsoft.SqlTools.Hosting\Extensibility\ExtensionServiceProvider.cs:line 191
   at Microsoft.SqlTools.Extensibility.ExtensionServiceProvider.<>c__DisplayClass8_0`1.<EnsureExtensionStoreRegistered>b__0() in D:\a\1\s\src\Microsoft.SqlTools.Hosting\Extensibility\ExtensionServiceProvider.cs:line 116
   at Microsoft.SqlTools.Extensibility.RegisteredServiceProvider.<>c__DisplayClass4_0`1.<Register>b__0() in D:\a\1\s\src\Microsoft.SqlTools.Hosting\Extensibility\RegisteredServiceProvider.cs:line 74
   at Microsoft.SqlTools.Extensibility.RegisteredServiceProvider.GetServicesImpl[T]() in D:\a\1\s\src\Microsoft.SqlTools.Hosting\Extensibility\RegisteredServiceProvider.cs:line 106
   at Microsoft.SqlTools.Extensibility.ExtensionServiceProvider.GetServicesImpl[T]() in D:\a\1\s\src\Microsoft.SqlTools.Hosting\Extensibility\Extensio